<?xml version="1.0" encoding="UTF-8"?>
<!-- Generated by org.testng.reporters.JUnitReportReporter -->
<testsuite hostname="dgsurfacepro-sa" failures="0" tests="29" name="testcases.stepactionwithdataentries" time="181.021" errors="0" timestamp="2025-06-15T20:27:25 IST" skipped="0">
  <testcase classname="testcases.stepactionwithdataentries" name="section1" time="22.732"/>
  <system-out/>
  <testcase classname="testcases.stepactionwithdataentries" name="Textareadataentry" time="12.670"/>
  <system-out/>
  <testcase classname="testcases.stepactionwithdataentries" name="Numberdataentry" time="12.529"/>
  <system-out/>
  <testcase classname="testcases.stepactionwithdataentries" name="Datedataentry" time="7.572"/>
  <system-out/>
  <testcase classname="testcases.stepactionwithdataentries" name="Booleandataentry" time="7.524"/>
  <system-out/>
  <testcase classname="testcases.stepactionwithdataentries" name="Radiobuttondataentry" time="7.554"/>
  <system-out/>
  <testcase classname="testcases.stepactionwithdataentries" name="Checkboxgroupdataentry" time="7.560"/>
  <system-out/>
  <testcase classname="testcases.stepactionwithdataentries" name="Checkboxdataentry" time="7.569"/>
  <system-out/>
  <testcase classname="testcases.stepactionwithdataentries" name="Buttondataentry" time="7.547"/>
  <system-out/>
  <testcase classname="testcases.stepactionwithdataentries" name="Dropdowndataentry" time="0.369"/>
  <system-out/>
  <testcase classname="testcases.stepactionwithdataentries" name="Table" time="1.073"/>
  <system-out/>
  <testcase classname="testcases.stepactionwithdataentries" name="Column" time="4.156"/>
  <system-out/>
  <testcase classname="testcases.stepactionwithdataentries" name="Row" time="4.174"/>
  <system-out/>
  <testcase classname="testcases.stepactionwithdataentries" name="Ok" time="2.314"/>
  <system-out/>
  <testcase classname="testcases.stepactionwithdataentries" name="Columnbutton" time="2.127"/>
  <system-out/>
  <testcase classname="testcases.stepactionwithdataentries" name="Datatypedropdown" time="2.100"/>
  <system-out/>
  <testcase classname="testcases.stepactionwithdataentries" name="Textdataentry" time="4.191"/>
  <system-out/>
  <testcase classname="testcases.stepactionwithdataentries" name="Column2" time="8.303"/>
  <system-out/>
  <testcase classname="testcases.stepactionwithdataentries" name="Datatypedropdown12" time="12.188"/>
  <system-out/>
  <testcase classname="testcases.stepactionwithdataentries" name="Textareadataentry2" time="2.070"/>
  <system-out/>
  <testcase classname="testcases.stepactionwithdataentries" name="Column3" time="6.301"/>
  <system-out/>
  <testcase classname="testcases.stepactionwithdataentries" name="Numberdataentry2" time="2.070"/>
  <system-out/>
  <testcase classname="testcases.stepactionwithdataentries" name="Column4" time="4.284"/>
  <system-out/>
  <testcase classname="testcases.stepactionwithdataentries" name="Datatypedropdown2" time="9.169"/>
  <system-out/>
  <testcase classname="testcases.stepactionwithdataentries" name="Datedataentry2" time="2.066"/>
  <system-out/>
  <testcase classname="testcases.stepactionwithdataentries" name="Column5" time="10.275"/>
  <system-out/>
  <testcase classname="testcases.stepactionwithdataentries" name="Datatypedropdown4" time="2.142"/>
  <system-out/>
  <testcase classname="testcases.stepactionwithdataentries" name="Datedataentry1" time="6.215"/>
  <system-out/>
  <testcase classname="testcases.stepactionwithdataentries" name="Ok1" time="2.177"/>
  <system-out/>
</testsuite> <!-- testcases.stepactionwithdataentries -->
