<?xml version="1.0" encoding="UTF-8"?>
<!-- Generated by org.testng.reporters.JUnitReportReporter -->
<testsuite hostname="dgsurfacepro" failures="0" tests="29" name="testcases.stepactionwithdataentries" time="201.100" errors="0" timestamp="2025-06-10T16:26:07 IST" skipped="0">
  <testcase classname="testcases.stepactionwithdataentries" name="section1" time="23.715"/>
  <system-out/>
  <testcase classname="testcases.stepactionwithdataentries" name="Textareadataentry" time="12.967"/>
  <system-out/>
  <testcase classname="testcases.stepactionwithdataentries" name="Numberdataentry" time="12.704"/>
  <system-out/>
  <testcase classname="testcases.stepactionwithdataentries" name="Datedataentry" time="7.683"/>
  <system-out/>
  <testcase classname="testcases.stepactionwithdataentries" name="Booleandataentry" time="7.682"/>
  <system-out/>
  <testcase classname="testcases.stepactionwithdataentries" name="Radiobuttondataentry" time="7.693"/>
  <system-out/>
  <testcase classname="testcases.stepactionwithdataentries" name="Checkboxgroupdataentry" time="7.698"/>
  <system-out/>
  <testcase classname="testcases.stepactionwithdataentries" name="Checkboxdataentry" time="7.667"/>
  <system-out/>
  <testcase classname="testcases.stepactionwithdataentries" name="Buttondataentry" time="7.665"/>
  <system-out/>
  <testcase classname="testcases.stepactionwithdataentries" name="Dropdowndataentry" time="7.664"/>
  <system-out/>
  <testcase classname="testcases.stepactionwithdataentries" name="Table" time="7.747"/>
  <system-out/>
  <testcase classname="testcases.stepactionwithdataentries" name="Column" time="4.394"/>
  <system-out/>
  <testcase classname="testcases.stepactionwithdataentries" name="Row" time="4.415"/>
  <system-out/>
  <testcase classname="testcases.stepactionwithdataentries" name="Ok" time="2.697"/>
  <system-out/>
  <testcase classname="testcases.stepactionwithdataentries" name="Columnbutton" time="2.252"/>
  <system-out/>
  <testcase classname="testcases.stepactionwithdataentries" name="Datatypedropdown" time="2.296"/>
  <system-out/>
  <testcase classname="testcases.stepactionwithdataentries" name="Textdataentry" time="4.359"/>
  <system-out/>
  <testcase classname="testcases.stepactionwithdataentries" name="Column2" time="8.674"/>
  <system-out/>
  <testcase classname="testcases.stepactionwithdataentries" name="Datatypedropdown12" time="12.348"/>
  <system-out/>
  <testcase classname="testcases.stepactionwithdataentries" name="Textareadataentry2" time="2.163"/>
  <system-out/>
  <testcase classname="testcases.stepactionwithdataentries" name="Column3" time="6.620"/>
  <system-out/>
  <testcase classname="testcases.stepactionwithdataentries" name="Numberdataentry2" time="2.139"/>
  <system-out/>
  <testcase classname="testcases.stepactionwithdataentries" name="Column4" time="4.634"/>
  <system-out/>
  <testcase classname="testcases.stepactionwithdataentries" name="Datatypedropdown2" time="9.237"/>
  <system-out/>
  <testcase classname="testcases.stepactionwithdataentries" name="Datedataentry2" time="2.152"/>
  <system-out/>
  <testcase classname="testcases.stepactionwithdataentries" name="Column5" time="10.641"/>
  <system-out/>
  <testcase classname="testcases.stepactionwithdataentries" name="Datatypedropdown4" time="2.267"/>
  <system-out/>
  <testcase classname="testcases.stepactionwithdataentries" name="Datedataentry1" time="6.486"/>
  <system-out/>
  <testcase classname="testcases.stepactionwithdataentries" name="Ok1" time="2.441"/>
  <system-out/>
</testsuite> <!-- testcases.stepactionwithdataentries -->
