<?xml version="1.0" encoding="UTF-8"?>
<!-- Generated by org.testng.reporters.JUnitReportReporter -->
<testsuite hostname="dgsurfacepro-sa" failures="0" tests="40" name="testcases.Section" time="323.119" errors="0" timestamp="2026-02-26T18:22:35 IST" skipped="0">
  <testcase classname="testcases.Section" name="section" time="29.308"/>
  <system-out/>
  <testcase classname="testcases.Section" name="control" time="0.112"/>
  <system-out/>
  <testcase classname="testcases.Section" name="subsection" time="3.023"/>
  <system-out/>
  <testcase classname="testcases.Section" name="stepaction" time="16.130"/>
  <system-out/>
  <testcase classname="testcases.Section" name="signaturestep" time="0.479"/>
  <system-out/>
  <testcase classname="testcases.Section" name="stepinfo" time="0.401"/>
  <system-out/>
  <testcase classname="testcases.Section" name="Delaystep" time="6.488"/>
  <system-out/>
  <testcase classname="testcases.Section" name="Timedstep" time="13.973"/>
  <system-out/>
  <testcase classname="testcases.Section" name="Repeatstep" time="13.433"/>
  <system-out/>
  <testcase classname="testcases.Section" name="Holdstep" time="2.042"/>
  <system-out/>
  <testcase classname="testcases.Section" name="Zoom" time="1.047"/>
  <system-out/>
  <testcase classname="testcases.Section" name="Add" time="30.144"/>
  <system-out/>
  <testcase classname="testcases.Section" name="Warning" time="50.129"/>
  <system-out/>
  <testcase classname="testcases.Section" name="Caution" time="0.152"/>
  <system-out/>
  <testcase classname="testcases.Section" name="Note" time="0.104"/>
  <system-out/>
  <testcase classname="testcases.Section" name="Alara" time="7.214"/>
  <system-out/>
  <testcase classname="testcases.Section" name="Paragrapgh" time="0.156"/>
  <system-out/>
  <testcase classname="testcases.Section" name="Label" time="5.127"/>
  <system-out/>
  <testcase classname="testcases.Section" name="Formula" time="5.170"/>
  <system-out/>
  <testcase classname="testcases.Section" name="Dataentry" time="30.111"/>
  <system-out/>
  <testcase classname="testcases.Section" name="Table" time="2.132"/>
  <system-out/>
  <testcase classname="testcases.Section" name="Column" time="10.165"/>
  <system-out/>
  <testcase classname="testcases.Section" name="Row" time="4.174"/>
  <system-out/>
  <testcase classname="testcases.Section" name="Ok" time="2.175"/>
  <system-out/>
  <testcase classname="testcases.Section" name="Columnbutton" time="2.122"/>
  <system-out/>
  <testcase classname="testcases.Section" name="Datatypedropdown" time="2.116"/>
  <system-out/>
  <testcase classname="testcases.Section" name="Textdataentry" time="4.245"/>
  <system-out/>
  <testcase classname="testcases.Section" name="Column2" time="8.285"/>
  <system-out/>
  <testcase classname="testcases.Section" name="Datatypedropdown12" time="12.151"/>
  <system-out/>
  <testcase classname="testcases.Section" name="Textareadataentry" time="2.059"/>
  <system-out/>
  <testcase classname="testcases.Section" name="Column3" time="6.318"/>
  <system-out/>
  <testcase classname="testcases.Section" name="Numberdataentry" time="2.072"/>
  <system-out/>
  <testcase classname="testcases.Section" name="Column4" time="4.294"/>
  <system-out/>
  <testcase classname="testcases.Section" name="Datatypedropdown2" time="9.218"/>
  <system-out/>
  <testcase classname="testcases.Section" name="Datedataentry" time="2.080"/>
  <system-out/>
  <testcase classname="testcases.Section" name="Column5" time="10.312"/>
  <system-out/>
  <testcase classname="testcases.Section" name="Datatypedropdown4" time="2.193"/>
  <system-out/>
  <testcase classname="testcases.Section" name="Datedataentry1" time="6.298"/>
  <system-out/>
  <testcase classname="testcases.Section" name="Ok1" time="0.118"/>
  <system-out/>
  <testcase classname="testcases.Section" name="mediasingle" time="15.849"/>
  <system-out/>
</testsuite> <!-- testcases.Section -->
