<?xml version="1.0" encoding="UTF-8"?>
<!-- Generated by org.testng.reporters.JUnitReportReporter -->
<testsuite hostname="dgsurfacepro" failures="0" tests="38" name="testcases.Basiccontrol" time="242.047" errors="0" timestamp="2025-06-10T16:26:07 IST" skipped="0">
  <testcase classname="testcases.Basiccontrol" name="section" time="25.161"/>
  <system-out/>
  <testcase classname="testcases.Basiccontrol" name="control" time="0.263"/>
  <system-out/>
  <testcase classname="testcases.Basiccontrol" name="subsection" time="3.954"/>
  <system-out/>
  <testcase classname="testcases.Basiccontrol" name="stepaction" time="11.904"/>
  <system-out/>
  <testcase classname="testcases.Basiccontrol" name="signaturestep" time="3.929"/>
  <system-out/>
  <testcase classname="testcases.Basiccontrol" name="stepinfo" time="1.045"/>
  <system-out/>
  <testcase classname="testcases.Basiccontrol" name="Delaystep" time="1.177"/>
  <system-out/>
  <testcase classname="testcases.Basiccontrol" name="Timedstep" time="1.237"/>
  <system-out/>
  <testcase classname="testcases.Basiccontrol" name="Repeatstep" time="1.280"/>
  <system-out/>
  <testcase classname="testcases.Basiccontrol" name="Holdstep" time="2.397"/>
  <system-out/>
  <testcase classname="testcases.Basiccontrol" name="Add" time="30.232"/>
  <system-out/>
  <testcase classname="testcases.Basiccontrol" name="Warning" time="25.311"/>
  <system-out/>
  <testcase classname="testcases.Basiccontrol" name="Caution" time="0.252"/>
  <system-out/>
  <testcase classname="testcases.Basiccontrol" name="Note" time="0.243"/>
  <system-out/>
  <testcase classname="testcases.Basiccontrol" name="Alara" time="1.279"/>
  <system-out/>
  <testcase classname="testcases.Basiccontrol" name="Paragrapgh" time="0.243"/>
  <system-out/>
  <testcase classname="testcases.Basiccontrol" name="Label" time="5.251"/>
  <system-out/>
  <testcase classname="testcases.Basiccontrol" name="Formula" time="5.250"/>
  <system-out/>
  <testcase classname="testcases.Basiccontrol" name="Dataentry" time="30.199"/>
  <system-out/>
  <testcase classname="testcases.Basiccontrol" name="Table" time="2.287"/>
  <system-out/>
  <testcase classname="testcases.Basiccontrol" name="Column" time="4.305"/>
  <system-out/>
  <testcase classname="testcases.Basiccontrol" name="Row" time="4.318"/>
  <system-out/>
  <testcase classname="testcases.Basiccontrol" name="Ok" time="2.565"/>
  <system-out/>
  <testcase classname="testcases.Basiccontrol" name="Columnbutton" time="2.213"/>
  <system-out/>
  <testcase classname="testcases.Basiccontrol" name="Datatypedropdown" time="2.231"/>
  <system-out/>
  <testcase classname="testcases.Basiccontrol" name="Textdataentry" time="4.338"/>
  <system-out/>
  <testcase classname="testcases.Basiccontrol" name="Column2" time="8.501"/>
  <system-out/>
  <testcase classname="testcases.Basiccontrol" name="Datatypedropdown12" time="12.301"/>
  <system-out/>
  <testcase classname="testcases.Basiccontrol" name="Textareadataentry" time="2.124"/>
  <system-out/>
  <testcase classname="testcases.Basiccontrol" name="Column3" time="6.570"/>
  <system-out/>
  <testcase classname="testcases.Basiccontrol" name="Numberdataentry" time="2.105"/>
  <system-out/>
  <testcase classname="testcases.Basiccontrol" name="Column4" time="4.535"/>
  <system-out/>
  <testcase classname="testcases.Basiccontrol" name="Datatypedropdown2" time="9.244"/>
  <system-out/>
  <testcase classname="testcases.Basiccontrol" name="Datedataentry" time="2.125"/>
  <system-out/>
  <testcase classname="testcases.Basiccontrol" name="Column5" time="10.562"/>
  <system-out/>
  <testcase classname="testcases.Basiccontrol" name="Datatypedropdown4" time="2.275"/>
  <system-out/>
  <testcase classname="testcases.Basiccontrol" name="Datedataentry1" time="6.488"/>
  <system-out/>
  <testcase classname="testcases.Basiccontrol" name="Ok1" time="2.353"/>
  <system-out/>
</testsuite> <!-- testcases.Basiccontrol -->
