<?xml version="1.0" encoding="UTF-8"?>
<!-- Generated by org.testng.reporters.JUnitReportReporter -->
<testsuite hostname="dgsurfacepro-sa" failures="0" tests="38" name="testcases.Basiccontrol" time="300.928" errors="0" timestamp="2025-06-13T00:54:07 IST" skipped="0">
  <testcase classname="testcases.Basiccontrol" name="section" time="22.421"/>
  <system-out/>
  <testcase classname="testcases.Basiccontrol" name="control" time="0.386"/>
  <system-out/>
  <testcase classname="testcases.Basiccontrol" name="subsection" time="4.210"/>
  <system-out/>
  <testcase classname="testcases.Basiccontrol" name="stepaction" time="14.668"/>
  <system-out/>
  <testcase classname="testcases.Basiccontrol" name="signaturestep" time="1.679"/>
  <system-out/>
  <testcase classname="testcases.Basiccontrol" name="stepinfo" time="1.431"/>
  <system-out/>
  <testcase classname="testcases.Basiccontrol" name="Delaystep" time="7.467"/>
  <system-out/>
  <testcase classname="testcases.Basiccontrol" name="Timedstep" time="14.497"/>
  <system-out/>
  <testcase classname="testcases.Basiccontrol" name="Repeatstep" time="13.912"/>
  <system-out/>
  <testcase classname="testcases.Basiccontrol" name="Holdstep" time="2.079"/>
  <system-out/>
  <testcase classname="testcases.Basiccontrol" name="Add" time="30.334"/>
  <system-out/>
  <testcase classname="testcases.Basiccontrol" name="Warning" time="50.427"/>
  <system-out/>
  <testcase classname="testcases.Basiccontrol" name="Caution" time="0.327"/>
  <system-out/>
  <testcase classname="testcases.Basiccontrol" name="Note" time="0.341"/>
  <system-out/>
  <testcase classname="testcases.Basiccontrol" name="Alara" time="1.435"/>
  <system-out/>
  <testcase classname="testcases.Basiccontrol" name="Paragrapgh" time="0.497"/>
  <system-out/>
  <testcase classname="testcases.Basiccontrol" name="Label" time="5.398"/>
  <system-out/>
  <testcase classname="testcases.Basiccontrol" name="Formula" time="5.374"/>
  <system-out/>
  <testcase classname="testcases.Basiccontrol" name="Dataentry" time="30.241"/>
  <system-out/>
  <testcase classname="testcases.Basiccontrol" name="Table" time="2.363"/>
  <system-out/>
  <testcase classname="testcases.Basiccontrol" name="Column" time="4.362"/>
  <system-out/>
  <testcase classname="testcases.Basiccontrol" name="Row" time="4.377"/>
  <system-out/>
  <testcase classname="testcases.Basiccontrol" name="Ok" time="2.595"/>
  <system-out/>
  <testcase classname="testcases.Basiccontrol" name="Columnbutton" time="2.282"/>
  <system-out/>
  <testcase classname="testcases.Basiccontrol" name="Datatypedropdown" time="2.418"/>
  <system-out/>
  <testcase classname="testcases.Basiccontrol" name="Textdataentry" time="4.508"/>
  <system-out/>
  <testcase classname="testcases.Basiccontrol" name="Column2" time="8.818"/>
  <system-out/>
  <testcase classname="testcases.Basiccontrol" name="Datatypedropdown12" time="12.400"/>
  <system-out/>
  <testcase classname="testcases.Basiccontrol" name="Textareadataentry" time="2.145"/>
  <system-out/>
  <testcase classname="testcases.Basiccontrol" name="Column3" time="6.705"/>
  <system-out/>
  <testcase classname="testcases.Basiccontrol" name="Numberdataentry" time="2.114"/>
  <system-out/>
  <testcase classname="testcases.Basiccontrol" name="Column4" time="4.792"/>
  <system-out/>
  <testcase classname="testcases.Basiccontrol" name="Datatypedropdown2" time="9.458"/>
  <system-out/>
  <testcase classname="testcases.Basiccontrol" name="Datedataentry" time="2.139"/>
  <system-out/>
  <testcase classname="testcases.Basiccontrol" name="Column5" time="10.823"/>
  <system-out/>
  <testcase classname="testcases.Basiccontrol" name="Datatypedropdown4" time="2.439"/>
  <system-out/>
  <testcase classname="testcases.Basiccontrol" name="Datedataentry1" time="6.694"/>
  <system-out/>
  <testcase classname="testcases.Basiccontrol" name="Ok1" time="2.372"/>
  <system-out/>
</testsuite> <!-- testcases.Basiccontrol -->
