<?xml version="1.0" encoding="UTF-8"?>
<!-- Generated by org.testng.reporters.JUnitReportReporter -->
<testsuite hostname="dgsurfacepro-sa" failures="0" tests="6" name="testcases.verification" time="80.036" errors="0" timestamp="2025-06-15T20:27:25 IST" skipped="0">
  <testcase classname="testcases.verification" name="verification" time="35.741"/>
  <system-out/>
  <testcase classname="testcases.verification" name="concurrentverification" time="6.372"/>
  <system-out/>
  <testcase classname="testcases.verification" name="QAverification" time="6.368"/>
  <system-out/>
  <testcase classname="testcases.verification" name="peerverification" time="6.353"/>
  <system-out/>
  <testcase classname="testcases.verification" name="signatureverification" time="6.355"/>
  <system-out/>
  <testcase classname="testcases.verification" name="initialverification" time="18.847"/>
  <system-out/>
</testsuite> <!-- testcases.verification -->
