<?xml version="1.0" encoding="UTF-8"?>
<!-- Generated by org.testng.reporters.JUnitXMLReporter -->
<testsuite ignored="0" hostname="dgsurfacepro-sa" failures="0" tests="41" name="Signin" time="365.418" errors="0" timestamp="2026-02-26T18:22:35 IST">
  <testcase classname="testcases.Signin" name="login" time="42.215"/>
  <testcase classname="testcases.Section" name="section" time="29.308"/>
  <testcase classname="testcases.Section" name="control" time="0.112"/>
  <testcase classname="testcases.Section" name="subsection" time="3.023"/>
  <testcase classname="testcases.Section" name="stepaction" time="16.13"/>
  <testcase classname="testcases.Section" name="signaturestep" time="0.479"/>
  <testcase classname="testcases.Section" name="stepinfo" time="0.401"/>
  <testcase classname="testcases.Section" name="Delaystep" time="6.488"/>
  <testcase classname="testcases.Section" name="Timedstep" time="13.973"/>
  <testcase classname="testcases.Section" name="Repeatstep" time="13.433"/>
  <testcase classname="testcases.Section" name="Holdstep" time="2.042"/>
  <testcase classname="testcases.Section" name="Zoom" time="1.047"/>
  <testcase classname="testcases.Section" name="Add" time="30.144"/>
  <testcase classname="testcases.Section" name="Warning" time="50.129"/>
  <testcase classname="testcases.Section" name="Caution" time="0.152"/>
  <testcase classname="testcases.Section" name="Note" time="0.104"/>
  <testcase classname="testcases.Section" name="Alara" time="7.214"/>
  <testcase classname="testcases.Section" name="Paragrapgh" time="0.156"/>
  <testcase classname="testcases.Section" name="Label" time="5.127"/>
  <testcase classname="testcases.Section" name="Formula" time="5.17"/>
  <testcase classname="testcases.Section" name="Dataentry" time="30.111"/>
  <testcase classname="testcases.Section" name="Table" time="2.132"/>
  <testcase classname="testcases.Section" name="Column" time="10.165"/>
  <testcase classname="testcases.Section" name="Row" time="4.174"/>
  <testcase classname="testcases.Section" name="Ok" time="2.175"/>
  <testcase classname="testcases.Section" name="Columnbutton" time="2.122"/>
  <testcase classname="testcases.Section" name="Datatypedropdown" time="2.116"/>
  <testcase classname="testcases.Section" name="Textdataentry" time="4.245"/>
  <testcase classname="testcases.Section" name="Column2" time="8.285"/>
  <testcase classname="testcases.Section" name="Datatypedropdown12" time="12.151"/>
  <testcase classname="testcases.Section" name="Textareadataentry" time="2.059"/>
  <testcase classname="testcases.Section" name="Column3" time="6.318"/>
  <testcase classname="testcases.Section" name="Numberdataentry" time="2.072"/>
  <testcase classname="testcases.Section" name="Column4" time="4.294"/>
  <testcase classname="testcases.Section" name="Datatypedropdown2" time="9.218"/>
  <testcase classname="testcases.Section" name="Datedataentry" time="2.08"/>
  <testcase classname="testcases.Section" name="Column5" time="10.312"/>
  <testcase classname="testcases.Section" name="Datatypedropdown4" time="2.193"/>
  <testcase classname="testcases.Section" name="Datedataentry1" time="6.298"/>
  <testcase classname="testcases.Section" name="Ok1" time="0.118"/>
  <testcase classname="testcases.Section" name="mediasingle" time="15.849"/>
</testsuite> <!-- Signin -->
