<?xml version="1.0" encoding="UTF-8"?>
<testng-results ignored="0" total="41" passed="41" failed="0" skipped="0">
  <reporter-output>
  </reporter-output>
  <suite started-at="2026-02-26T18:16:29 IST" name="Suite" finished-at="2026-02-26T18:22:35 IST" duration-ms="365418">
    <groups>
    </groups>
    <test started-at="2026-02-26T18:16:29 IST" name="Signin" finished-at="2026-02-26T18:22:35 IST" duration-ms="365418">
      <class name="testcases.Section">
        <test-method signature="section()[pri:1, instance:testcases.Section@7c8f9c2e]" started-at="2026-02-26T18:17:12 IST" name="section" finished-at="2026-02-26T18:17:41 IST" duration-ms="29308" status="PASS">
          <reporter-output>
          </reporter-output>
        </test-method> <!-- section -->
        <test-method signature="control()[pri:2, instance:testcases.Section@7c8f9c2e]" started-at="2026-02-26T18:17:41 IST" name="control" finished-at="2026-02-26T18:17:41 IST" duration-ms="112" status="PASS">
          <reporter-output>
          </reporter-output>
        </test-method> <!-- control -->
        <test-method signature="subsection()[pri:3, instance:testcases.Section@7c8f9c2e]" started-at="2026-02-26T18:17:41 IST" name="subsection" finished-at="2026-02-26T18:17:44 IST" duration-ms="3023" status="PASS">
          <reporter-output>
          </reporter-output>
        </test-method> <!-- subsection -->
        <test-method signature="stepaction()[pri:4, instance:testcases.Section@7c8f9c2e]" started-at="2026-02-26T18:17:44 IST" name="stepaction" finished-at="2026-02-26T18:18:00 IST" duration-ms="16130" status="PASS">
          <reporter-output>
          </reporter-output>
        </test-method> <!-- stepaction -->
        <test-method signature="signaturestep()[pri:5, instance:testcases.Section@7c8f9c2e]" started-at="2026-02-26T18:18:00 IST" name="signaturestep" finished-at="2026-02-26T18:18:01 IST" duration-ms="479" status="PASS">
          <reporter-output>
          </reporter-output>
        </test-method> <!-- signaturestep -->
        <test-method signature="stepinfo()[pri:6, instance:testcases.Section@7c8f9c2e]" started-at="2026-02-26T18:18:01 IST" name="stepinfo" finished-at="2026-02-26T18:18:01 IST" duration-ms="401" status="PASS">
          <reporter-output>
          </reporter-output>
        </test-method> <!-- stepinfo -->
        <test-method signature="Delaystep()[pri:7, instance:testcases.Section@7c8f9c2e]" started-at="2026-02-26T18:18:01 IST" name="Delaystep" finished-at="2026-02-26T18:18:08 IST" duration-ms="6488" status="PASS">
          <reporter-output>
          </reporter-output>
        </test-method> <!-- Delaystep -->
        <test-method signature="Timedstep()[pri:8, instance:testcases.Section@7c8f9c2e]" started-at="2026-02-26T18:18:08 IST" name="Timedstep" finished-at="2026-02-26T18:18:22 IST" duration-ms="13973" status="PASS">
          <reporter-output>
          </reporter-output>
        </test-method> <!-- Timedstep -->
        <test-method signature="Repeatstep()[pri:9, instance:testcases.Section@7c8f9c2e]" started-at="2026-02-26T18:18:22 IST" name="Repeatstep" finished-at="2026-02-26T18:18:35 IST" duration-ms="13433" status="PASS">
          <reporter-output>
          </reporter-output>
        </test-method> <!-- Repeatstep -->
        <test-method signature="Holdstep()[pri:10, instance:testcases.Section@7c8f9c2e]" started-at="2026-02-26T18:18:35 IST" name="Holdstep" finished-at="2026-02-26T18:18:37 IST" duration-ms="2042" status="PASS">
          <reporter-output>
          </reporter-output>
        </test-method> <!-- Holdstep -->
        <test-method signature="Zoom()[pri:11, instance:testcases.Section@7c8f9c2e]" started-at="2026-02-26T18:18:37 IST" name="Zoom" finished-at="2026-02-26T18:18:38 IST" duration-ms="1047" status="PASS">
          <reporter-output>
          </reporter-output>
        </test-method> <!-- Zoom -->
        <test-method signature="Add()[pri:12, instance:testcases.Section@7c8f9c2e]" started-at="2026-02-26T18:18:38 IST" name="Add" finished-at="2026-02-26T18:19:08 IST" duration-ms="30144" status="PASS">
          <reporter-output>
          </reporter-output>
        </test-method> <!-- Add -->
        <test-method signature="Warning()[pri:13, instance:testcases.Section@7c8f9c2e]" started-at="2026-02-26T18:19:08 IST" name="Warning" finished-at="2026-02-26T18:19:58 IST" duration-ms="50129" status="PASS">
          <reporter-output>
          </reporter-output>
        </test-method> <!-- Warning -->
        <test-method signature="Caution()[pri:14, instance:testcases.Section@7c8f9c2e]" started-at="2026-02-26T18:19:58 IST" name="Caution" finished-at="2026-02-26T18:19:59 IST" duration-ms="152" status="PASS">
          <reporter-output>
          </reporter-output>
        </test-method> <!-- Caution -->
        <test-method signature="Note()[pri:15, instance:testcases.Section@7c8f9c2e]" started-at="2026-02-26T18:19:59 IST" name="Note" finished-at="2026-02-26T18:19:59 IST" duration-ms="104" status="PASS">
          <reporter-output>
          </reporter-output>
        </test-method> <!-- Note -->
        <test-method signature="Alara()[pri:16, instance:testcases.Section@7c8f9c2e]" started-at="2026-02-26T18:19:59 IST" name="Alara" finished-at="2026-02-26T18:20:06 IST" duration-ms="7214" status="PASS">
          <reporter-output>
          </reporter-output>
        </test-method> <!-- Alara -->
        <test-method signature="Paragrapgh()[pri:18, instance:testcases.Section@7c8f9c2e]" started-at="2026-02-26T18:20:06 IST" name="Paragrapgh" finished-at="2026-02-26T18:20:06 IST" duration-ms="156" status="PASS">
          <reporter-output>
          </reporter-output>
        </test-method> <!-- Paragrapgh -->
        <test-method signature="Label()[pri:19, instance:testcases.Section@7c8f9c2e]" started-at="2026-02-26T18:20:06 IST" name="Label" finished-at="2026-02-26T18:20:11 IST" duration-ms="5127" status="PASS">
          <reporter-output>
          </reporter-output>
        </test-method> <!-- Label -->
        <test-method signature="Formula()[pri:20, instance:testcases.Section@7c8f9c2e]" started-at="2026-02-26T18:20:11 IST" name="Formula" finished-at="2026-02-26T18:20:16 IST" duration-ms="5170" status="PASS">
          <reporter-output>
          </reporter-output>
        </test-method> <!-- Formula -->
        <test-method signature="Dataentry()[pri:21, instance:testcases.Section@7c8f9c2e]" started-at="2026-02-26T18:20:16 IST" name="Dataentry" finished-at="2026-02-26T18:20:46 IST" duration-ms="30111" status="PASS">
          <reporter-output>
          </reporter-output>
        </test-method> <!-- Dataentry -->
        <test-method signature="Table()[pri:22, instance:testcases.Section@7c8f9c2e]" started-at="2026-02-26T18:20:46 IST" name="Table" finished-at="2026-02-26T18:20:49 IST" duration-ms="2132" status="PASS">
          <reporter-output>
          </reporter-output>
        </test-method> <!-- Table -->
        <test-method signature="Column()[pri:23, instance:testcases.Section@7c8f9c2e]" started-at="2026-02-26T18:20:49 IST" name="Column" finished-at="2026-02-26T18:20:59 IST" duration-ms="10165" status="PASS">
          <reporter-output>
          </reporter-output>
        </test-method> <!-- Column -->
        <test-method signature="Row()[pri:24, instance:testcases.Section@7c8f9c2e]" started-at="2026-02-26T18:20:59 IST" name="Row" finished-at="2026-02-26T18:21:03 IST" duration-ms="4174" status="PASS">
          <reporter-output>
          </reporter-output>
        </test-method> <!-- Row -->
        <test-method signature="Ok()[pri:25, instance:testcases.Section@7c8f9c2e]" started-at="2026-02-26T18:21:03 IST" name="Ok" finished-at="2026-02-26T18:21:05 IST" duration-ms="2175" status="PASS">
          <reporter-output>
          </reporter-output>
        </test-method> <!-- Ok -->
        <test-method signature="Columnbutton()[pri:26, instance:testcases.Section@7c8f9c2e]" started-at="2026-02-26T18:21:05 IST" name="Columnbutton" finished-at="2026-02-26T18:21:07 IST" duration-ms="2122" status="PASS">
          <reporter-output>
          </reporter-output>
        </test-method> <!-- Columnbutton -->
        <test-method signature="Datatypedropdown()[pri:27, instance:testcases.Section@7c8f9c2e]" started-at="2026-02-26T18:21:07 IST" name="Datatypedropdown" finished-at="2026-02-26T18:21:09 IST" duration-ms="2116" status="PASS">
          <reporter-output>
          </reporter-output>
        </test-method> <!-- Datatypedropdown -->
        <test-method signature="Textdataentry()[pri:28, instance:testcases.Section@7c8f9c2e]" started-at="2026-02-26T18:21:09 IST" name="Textdataentry" finished-at="2026-02-26T18:21:14 IST" duration-ms="4245" status="PASS">
          <reporter-output>
          </reporter-output>
        </test-method> <!-- Textdataentry -->
        <test-method signature="Column2()[pri:29, instance:testcases.Section@7c8f9c2e]" started-at="2026-02-26T18:21:14 IST" name="Column2" finished-at="2026-02-26T18:21:22 IST" duration-ms="8285" status="PASS">
          <reporter-output>
          </reporter-output>
        </test-method> <!-- Column2 -->
        <test-method signature="Datatypedropdown12()[pri:30, instance:testcases.Section@7c8f9c2e]" started-at="2026-02-26T18:21:22 IST" name="Datatypedropdown12" finished-at="2026-02-26T18:21:34 IST" duration-ms="12151" status="PASS">
          <reporter-output>
          </reporter-output>
        </test-method> <!-- Datatypedropdown12 -->
        <test-method signature="Textareadataentry()[pri:31, instance:testcases.Section@7c8f9c2e]" started-at="2026-02-26T18:21:34 IST" name="Textareadataentry" finished-at="2026-02-26T18:21:36 IST" duration-ms="2059" status="PASS">
          <reporter-output>
          </reporter-output>
        </test-method> <!-- Textareadataentry -->
        <test-method signature="Column3()[pri:32, instance:testcases.Section@7c8f9c2e]" started-at="2026-02-26T18:21:36 IST" name="Column3" finished-at="2026-02-26T18:21:42 IST" duration-ms="6318" status="PASS">
          <reporter-output>
          </reporter-output>
        </test-method> <!-- Column3 -->
        <test-method signature="Numberdataentry()[pri:33, instance:testcases.Section@7c8f9c2e]" started-at="2026-02-26T18:21:42 IST" name="Numberdataentry" finished-at="2026-02-26T18:21:44 IST" duration-ms="2072" status="PASS">
          <reporter-output>
          </reporter-output>
        </test-method> <!-- Numberdataentry -->
        <test-method signature="Column4()[pri:34, instance:testcases.Section@7c8f9c2e]" started-at="2026-02-26T18:21:44 IST" name="Column4" finished-at="2026-02-26T18:21:49 IST" duration-ms="4294" status="PASS">
          <reporter-output>
          </reporter-output>
        </test-method> <!-- Column4 -->
        <test-method signature="Datatypedropdown2()[pri:35, instance:testcases.Section@7c8f9c2e]" started-at="2026-02-26T18:21:49 IST" name="Datatypedropdown2" finished-at="2026-02-26T18:21:58 IST" duration-ms="9218" status="PASS">
          <reporter-output>
          </reporter-output>
        </test-method> <!-- Datatypedropdown2 -->
        <test-method signature="Datedataentry()[pri:36, instance:testcases.Section@7c8f9c2e]" started-at="2026-02-26T18:21:58 IST" name="Datedataentry" finished-at="2026-02-26T18:22:00 IST" duration-ms="2080" status="PASS">
          <reporter-output>
          </reporter-output>
        </test-method> <!-- Datedataentry -->
        <test-method signature="Column5()[pri:37, instance:testcases.Section@7c8f9c2e]" started-at="2026-02-26T18:22:00 IST" name="Column5" finished-at="2026-02-26T18:22:10 IST" duration-ms="10312" status="PASS">
          <reporter-output>
          </reporter-output>
        </test-method> <!-- Column5 -->
        <test-method signature="Datatypedropdown4()[pri:38, instance:testcases.Section@7c8f9c2e]" started-at="2026-02-26T18:22:10 IST" name="Datatypedropdown4" finished-at="2026-02-26T18:22:13 IST" duration-ms="2193" status="PASS">
          <reporter-output>
          </reporter-output>
        </test-method> <!-- Datatypedropdown4 -->
        <test-method signature="Datedataentry1()[pri:39, instance:testcases.Section@7c8f9c2e]" started-at="2026-02-26T18:22:13 IST" name="Datedataentry1" finished-at="2026-02-26T18:22:19 IST" duration-ms="6298" status="PASS">
          <reporter-output>
          </reporter-output>
        </test-method> <!-- Datedataentry1 -->
        <test-method signature="Ok1()[pri:40, instance:testcases.Section@7c8f9c2e]" started-at="2026-02-26T18:22:19 IST" name="Ok1" finished-at="2026-02-26T18:22:19 IST" duration-ms="118" status="PASS">
          <reporter-output>
          </reporter-output>
        </test-method> <!-- Ok1 -->
        <test-method signature="mediasingle()[pri:42, instance:testcases.Section@7c8f9c2e]" started-at="2026-02-26T18:22:19 IST" name="mediasingle" finished-at="2026-02-26T18:22:35 IST" duration-ms="15849" status="PASS">
          <reporter-output>
          </reporter-output>
        </test-method> <!-- mediasingle -->
      </class> <!-- testcases.Section -->
      <class name="testcases.Signin">
        <test-method signature="login()[pri:0, instance:testcases.Signin@e8e0dec]" started-at="2026-02-26T18:16:29 IST" name="login" finished-at="2026-02-26T18:17:12 IST" duration-ms="42215" status="PASS">
          <reporter-output>
          </reporter-output>
        </test-method> <!-- login -->
      </class> <!-- testcases.Signin -->
    </test> <!-- Signin -->
  </suite> <!-- Suite -->
</testng-results>
