<?xml version="1.0" encoding="UTF-8"?>
<testng-results ignored="0" total="78" passed="78" failed="0" skipped="0">
  <reporter-output>
  </reporter-output>
  <suite started-at="2025-06-15T20:15:20 IST" name="Suite" finished-at="2025-06-15T20:27:16 IST" duration-ms="715549">
    <groups>
    </groups>
    <test started-at="2025-06-15T20:15:20 IST" name="Signin" finished-at="2025-06-15T20:27:16 IST" duration-ms="715549">
      <class name="testcases.verification">
        <test-method signature="verification()[pri:1, instance:testcases.verification@17a703f5]" started-at="2025-06-15T20:25:38 IST" name="verification" finished-at="2025-06-15T20:26:14 IST" duration-ms="35741" status="PASS">
          <reporter-output>
          </reporter-output>
        </test-method> <!-- verification -->
        <test-method signature="concurrentverification()[pri:2, instance:testcases.verification@17a703f5]" started-at="2025-06-15T20:26:14 IST" name="concurrentverification" finished-at="2025-06-15T20:26:20 IST" duration-ms="6372" status="PASS">
          <reporter-output>
          </reporter-output>
        </test-method> <!-- concurrentverification -->
        <test-method signature="QAverification()[pri:3, instance:testcases.verification@17a703f5]" started-at="2025-06-15T20:26:20 IST" name="QAverification" finished-at="2025-06-15T20:26:26 IST" duration-ms="6368" status="PASS">
          <reporter-output>
          </reporter-output>
        </test-method> <!-- QAverification -->
        <test-method signature="peerverification()[pri:4, instance:testcases.verification@17a703f5]" started-at="2025-06-15T20:26:26 IST" name="peerverification" finished-at="2025-06-15T20:26:33 IST" duration-ms="6353" status="PASS">
          <reporter-output>
          </reporter-output>
        </test-method> <!-- peerverification -->
        <test-method signature="signatureverification()[pri:5, instance:testcases.verification@17a703f5]" started-at="2025-06-15T20:26:33 IST" name="signatureverification" finished-at="2025-06-15T20:26:39 IST" duration-ms="6355" status="PASS">
          <reporter-output>
          </reporter-output>
        </test-method> <!-- signatureverification -->
        <test-method signature="initialverification()[pri:6, instance:testcases.verification@17a703f5]" started-at="2025-06-15T20:26:39 IST" name="initialverification" finished-at="2025-06-15T20:26:58 IST" duration-ms="18847" status="PASS">
          <reporter-output>
          </reporter-output>
        </test-method> <!-- initialverification -->
      </class> <!-- testcases.verification -->
      <class name="testcases.executor">
        <test-method signature="Closebutton()[pri:1, instance:testcases.executor@5ff2b8ca]" started-at="2025-06-15T20:26:58 IST" name="Closebutton" finished-at="2025-06-15T20:27:08 IST" duration-ms="9783" status="PASS">
          <reporter-output>
          </reporter-output>
        </test-method> <!-- Closebutton -->
      </class> <!-- testcases.executor -->
      <class name="testcases.signout">
        <test-method signature="signout1()[pri:41, instance:testcases.signout@618ad2aa]" started-at="2025-06-15T20:27:08 IST" name="signout1" finished-at="2025-06-15T20:27:16 IST" duration-ms="8214" status="PASS">
          <reporter-output>
          </reporter-output>
        </test-method> <!-- signout1 -->
      </class> <!-- testcases.signout -->
      <class name="testcases.Basiccontrol">
        <test-method signature="section()[pri:1, instance:testcases.Basiccontrol@70f822e]" started-at="2025-06-15T20:15:57 IST" name="section" finished-at="2025-06-15T20:16:09 IST" duration-ms="11430" status="PASS">
          <reporter-output>
          </reporter-output>
        </test-method> <!-- section -->
        <test-method signature="control()[pri:2, instance:testcases.Basiccontrol@70f822e]" started-at="2025-06-15T20:16:09 IST" name="control" finished-at="2025-06-15T20:16:09 IST" duration-ms="113" status="PASS">
          <reporter-output>
          </reporter-output>
        </test-method> <!-- control -->
        <test-method signature="subsection()[pri:3, instance:testcases.Basiccontrol@70f822e]" started-at="2025-06-15T20:16:09 IST" name="subsection" finished-at="2025-06-15T20:16:12 IST" duration-ms="3021" status="PASS">
          <reporter-output>
          </reporter-output>
        </test-method> <!-- subsection -->
        <test-method signature="stepaction()[pri:4, instance:testcases.Basiccontrol@70f822e]" started-at="2025-06-15T20:16:12 IST" name="stepaction" finished-at="2025-06-15T20:16:25 IST" duration-ms="13516" status="PASS">
          <reporter-output>
          </reporter-output>
        </test-method> <!-- stepaction -->
        <test-method signature="signaturestep()[pri:5, instance:testcases.Basiccontrol@70f822e]" started-at="2025-06-15T20:16:25 IST" name="signaturestep" finished-at="2025-06-15T20:16:26 IST" duration-ms="572" status="PASS">
          <reporter-output>
          </reporter-output>
        </test-method> <!-- signaturestep -->
        <test-method signature="stepinfo()[pri:6, instance:testcases.Basiccontrol@70f822e]" started-at="2025-06-15T20:16:26 IST" name="stepinfo" finished-at="2025-06-15T20:16:26 IST" duration-ms="554" status="PASS">
          <reporter-output>
          </reporter-output>
        </test-method> <!-- stepinfo -->
        <test-method signature="Delaystep()[pri:7, instance:testcases.Basiccontrol@70f822e]" started-at="2025-06-15T20:16:26 IST" name="Delaystep" finished-at="2025-06-15T20:16:33 IST" duration-ms="6536" status="PASS">
          <reporter-output>
          </reporter-output>
        </test-method> <!-- Delaystep -->
        <test-method signature="Timedstep()[pri:8, instance:testcases.Basiccontrol@70f822e]" started-at="2025-06-15T20:16:33 IST" name="Timedstep" finished-at="2025-06-15T20:16:46 IST" duration-ms="13488" status="PASS">
          <reporter-output>
          </reporter-output>
        </test-method> <!-- Timedstep -->
        <test-method signature="Repeatstep()[pri:9, instance:testcases.Basiccontrol@70f822e]" started-at="2025-06-15T20:16:46 IST" name="Repeatstep" finished-at="2025-06-15T20:16:59 IST" duration-ms="12436" status="PASS">
          <reporter-output>
          </reporter-output>
        </test-method> <!-- Repeatstep -->
        <test-method signature="Holdstep()[pri:10, instance:testcases.Basiccontrol@70f822e]" started-at="2025-06-15T20:16:59 IST" name="Holdstep" finished-at="2025-06-15T20:17:00 IST" duration-ms="947" status="PASS">
          <reporter-output>
          </reporter-output>
        </test-method> <!-- Holdstep -->
        <test-method signature="Add()[pri:12, instance:testcases.Basiccontrol@70f822e]" started-at="2025-06-15T20:17:00 IST" name="Add" finished-at="2025-06-15T20:17:30 IST" duration-ms="30121" status="PASS">
          <reporter-output>
          </reporter-output>
        </test-method> <!-- Add -->
        <test-method signature="Warning()[pri:13, instance:testcases.Basiccontrol@70f822e]" started-at="2025-06-15T20:17:30 IST" name="Warning" finished-at="2025-06-15T20:18:20 IST" duration-ms="50148" status="PASS">
          <reporter-output>
          </reporter-output>
        </test-method> <!-- Warning -->
        <test-method signature="Caution()[pri:14, instance:testcases.Basiccontrol@70f822e]" started-at="2025-06-15T20:18:20 IST" name="Caution" finished-at="2025-06-15T20:18:20 IST" duration-ms="106" status="PASS">
          <reporter-output>
          </reporter-output>
        </test-method> <!-- Caution -->
        <test-method signature="Note()[pri:15, instance:testcases.Basiccontrol@70f822e]" started-at="2025-06-15T20:18:20 IST" name="Note" finished-at="2025-06-15T20:18:20 IST" duration-ms="120" status="PASS">
          <reporter-output>
          </reporter-output>
        </test-method> <!-- Note -->
        <test-method signature="Alara()[pri:16, instance:testcases.Basiccontrol@70f822e]" started-at="2025-06-15T20:18:20 IST" name="Alara" finished-at="2025-06-15T20:18:22 IST" duration-ms="1127" status="PASS">
          <reporter-output>
          </reporter-output>
        </test-method> <!-- Alara -->
        <test-method signature="Paragrapgh()[pri:17, instance:testcases.Basiccontrol@70f822e]" started-at="2025-06-15T20:18:22 IST" name="Paragrapgh" finished-at="2025-06-15T20:18:22 IST" duration-ms="168" status="PASS">
          <reporter-output>
          </reporter-output>
        </test-method> <!-- Paragrapgh -->
        <test-method signature="Label()[pri:18, instance:testcases.Basiccontrol@70f822e]" started-at="2025-06-15T20:18:22 IST" name="Label" finished-at="2025-06-15T20:18:27 IST" duration-ms="5123" status="PASS">
          <reporter-output>
          </reporter-output>
        </test-method> <!-- Label -->
        <test-method signature="Formula()[pri:19, instance:testcases.Basiccontrol@70f822e]" started-at="2025-06-15T20:18:27 IST" name="Formula" finished-at="2025-06-15T20:18:32 IST" duration-ms="5098" status="PASS">
          <reporter-output>
          </reporter-output>
        </test-method> <!-- Formula -->
        <test-method signature="Dataentry()[pri:20, instance:testcases.Basiccontrol@70f822e]" started-at="2025-06-15T20:18:32 IST" name="Dataentry" finished-at="2025-06-15T20:19:02 IST" duration-ms="30089" status="PASS">
          <reporter-output>
          </reporter-output>
        </test-method> <!-- Dataentry -->
        <test-method signature="Table()[pri:21, instance:testcases.Basiccontrol@70f822e]" started-at="2025-06-15T20:19:02 IST" name="Table" finished-at="2025-06-15T20:19:04 IST" duration-ms="2133" status="PASS">
          <reporter-output>
          </reporter-output>
        </test-method> <!-- Table -->
        <test-method signature="Column()[pri:22, instance:testcases.Basiccontrol@70f822e]" started-at="2025-06-15T20:19:04 IST" name="Column" finished-at="2025-06-15T20:19:08 IST" duration-ms="4150" status="PASS">
          <reporter-output>
          </reporter-output>
        </test-method> <!-- Column -->
        <test-method signature="Row()[pri:23, instance:testcases.Basiccontrol@70f822e]" started-at="2025-06-15T20:19:08 IST" name="Row" finished-at="2025-06-15T20:19:12 IST" duration-ms="4140" status="PASS">
          <reporter-output>
          </reporter-output>
        </test-method> <!-- Row -->
        <test-method signature="Ok()[pri:24, instance:testcases.Basiccontrol@70f822e]" started-at="2025-06-15T20:19:12 IST" name="Ok" finished-at="2025-06-15T20:19:15 IST" duration-ms="2204" status="PASS">
          <reporter-output>
          </reporter-output>
        </test-method> <!-- Ok -->
        <test-method signature="Columnbutton()[pri:25, instance:testcases.Basiccontrol@70f822e]" started-at="2025-06-15T20:19:15 IST" name="Columnbutton" finished-at="2025-06-15T20:19:17 IST" duration-ms="2096" status="PASS">
          <reporter-output>
          </reporter-output>
        </test-method> <!-- Columnbutton -->
        <test-method signature="Datatypedropdown()[pri:26, instance:testcases.Basiccontrol@70f822e]" started-at="2025-06-15T20:19:17 IST" name="Datatypedropdown" finished-at="2025-06-15T20:19:19 IST" duration-ms="2103" status="PASS">
          <reporter-output>
          </reporter-output>
        </test-method> <!-- Datatypedropdown -->
        <test-method signature="Textdataentry()[pri:27, instance:testcases.Basiccontrol@70f822e]" started-at="2025-06-15T20:19:19 IST" name="Textdataentry" finished-at="2025-06-15T20:19:23 IST" duration-ms="4215" status="PASS">
          <reporter-output>
          </reporter-output>
        </test-method> <!-- Textdataentry -->
        <test-method signature="Column2()[pri:28, instance:testcases.Basiccontrol@70f822e]" started-at="2025-06-15T20:19:23 IST" name="Column2" finished-at="2025-06-15T20:19:31 IST" duration-ms="8314" status="PASS">
          <reporter-output>
          </reporter-output>
        </test-method> <!-- Column2 -->
        <test-method signature="Datatypedropdown12()[pri:29, instance:testcases.Basiccontrol@70f822e]" started-at="2025-06-15T20:19:31 IST" name="Datatypedropdown12" finished-at="2025-06-15T20:19:44 IST" duration-ms="12181" status="PASS">
          <reporter-output>
          </reporter-output>
        </test-method> <!-- Datatypedropdown12 -->
        <test-method signature="Textareadataentry()[pri:30, instance:testcases.Basiccontrol@70f822e]" started-at="2025-06-15T20:19:44 IST" name="Textareadataentry" finished-at="2025-06-15T20:19:46 IST" duration-ms="2058" status="PASS">
          <reporter-output>
          </reporter-output>
        </test-method> <!-- Textareadataentry -->
        <test-method signature="Column3()[pri:31, instance:testcases.Basiccontrol@70f822e]" started-at="2025-06-15T20:19:46 IST" name="Column3" finished-at="2025-06-15T20:19:52 IST" duration-ms="6281" status="PASS">
          <reporter-output>
          </reporter-output>
        </test-method> <!-- Column3 -->
        <test-method signature="Numberdataentry()[pri:32, instance:testcases.Basiccontrol@70f822e]" started-at="2025-06-15T20:19:52 IST" name="Numberdataentry" finished-at="2025-06-15T20:19:54 IST" duration-ms="2074" status="PASS">
          <reporter-output>
          </reporter-output>
        </test-method> <!-- Numberdataentry -->
        <test-method signature="Column4()[pri:33, instance:testcases.Basiccontrol@70f822e]" started-at="2025-06-15T20:19:54 IST" name="Column4" finished-at="2025-06-15T20:19:58 IST" duration-ms="4275" status="PASS">
          <reporter-output>
          </reporter-output>
        </test-method> <!-- Column4 -->
        <test-method signature="Datatypedropdown2()[pri:34, instance:testcases.Basiccontrol@70f822e]" started-at="2025-06-15T20:19:58 IST" name="Datatypedropdown2" finished-at="2025-06-15T20:20:07 IST" duration-ms="9218" status="PASS">
          <reporter-output>
          </reporter-output>
        </test-method> <!-- Datatypedropdown2 -->
        <test-method signature="Datedataentry()[pri:35, instance:testcases.Basiccontrol@70f822e]" started-at="2025-06-15T20:20:07 IST" name="Datedataentry" finished-at="2025-06-15T20:20:10 IST" duration-ms="2061" status="PASS">
          <reporter-output>
          </reporter-output>
        </test-method> <!-- Datedataentry -->
        <test-method signature="Column5()[pri:36, instance:testcases.Basiccontrol@70f822e]" started-at="2025-06-15T20:20:10 IST" name="Column5" finished-at="2025-06-15T20:20:20 IST" duration-ms="10292" status="PASS">
          <reporter-output>
          </reporter-output>
        </test-method> <!-- Column5 -->
        <test-method signature="Datatypedropdown4()[pri:38, instance:testcases.Basiccontrol@70f822e]" started-at="2025-06-15T20:20:20 IST" name="Datatypedropdown4" finished-at="2025-06-15T20:20:22 IST" duration-ms="2153" status="PASS">
          <reporter-output>
          </reporter-output>
        </test-method> <!-- Datatypedropdown4 -->
        <test-method signature="Datedataentry1()[pri:39, instance:testcases.Basiccontrol@70f822e]" started-at="2025-06-15T20:20:22 IST" name="Datedataentry1" finished-at="2025-06-15T20:20:28 IST" duration-ms="6277" status="PASS">
          <reporter-output>
          </reporter-output>
        </test-method> <!-- Datedataentry1 -->
        <test-method signature="Ok1()[pri:40, instance:testcases.Basiccontrol@70f822e]" started-at="2025-06-15T20:20:28 IST" name="Ok1" finished-at="2025-06-15T20:20:30 IST" duration-ms="2130" status="PASS">
          <reporter-output>
          </reporter-output>
        </test-method> <!-- Ok1 -->
      </class> <!-- testcases.Basiccontrol -->
      <class name="testcases.media">
        <test-method signature="section()[pri:1, instance:testcases.media@6c42f2a1]" started-at="2025-06-15T20:23:31 IST" name="section" finished-at="2025-06-15T20:24:48 IST" duration-ms="76773" status="PASS">
          <reporter-output>
          </reporter-output>
        </test-method> <!-- section -->
        <test-method signature="mediagallery()[pri:3, instance:testcases.media@6c42f2a1]" started-at="2025-06-15T20:24:48 IST" name="mediagallery" finished-at="2025-06-15T20:25:38 IST" duration-ms="49693" status="PASS">
          <reporter-output>
          </reporter-output>
        </test-method> <!-- mediagallery -->
      </class> <!-- testcases.media -->
      <class name="testcases.Signin">
        <test-method signature="login()[pri:0, instance:testcases.Signin@764cba]" started-at="2025-06-15T20:15:20 IST" name="login" finished-at="2025-06-15T20:15:57 IST" duration-ms="36808" status="PASS">
          <reporter-output>
          </reporter-output>
        </test-method> <!-- login -->
      </class> <!-- testcases.Signin -->
      <class name="testcases.stepactionwithdataentries">
        <test-method signature="section1()[pri:39, instance:testcases.stepactionwithdataentries@45bf6f39]" started-at="2025-06-15T20:20:30 IST" name="section1" finished-at="2025-06-15T20:20:53 IST" duration-ms="22732" status="PASS">
          <reporter-output>
          </reporter-output>
        </test-method> <!-- section1 -->
        <test-method signature="Textareadataentry()[pri:40, instance:testcases.stepactionwithdataentries@45bf6f39]" started-at="2025-06-15T20:20:53 IST" name="Textareadataentry" finished-at="2025-06-15T20:21:06 IST" duration-ms="12670" status="PASS">
          <reporter-output>
          </reporter-output>
        </test-method> <!-- Textareadataentry -->
        <test-method signature="Numberdataentry()[pri:41, instance:testcases.stepactionwithdataentries@45bf6f39]" started-at="2025-06-15T20:21:06 IST" name="Numberdataentry" finished-at="2025-06-15T20:21:18 IST" duration-ms="12529" status="PASS">
          <reporter-output>
          </reporter-output>
        </test-method> <!-- Numberdataentry -->
        <test-method signature="Datedataentry()[pri:42, instance:testcases.stepactionwithdataentries@45bf6f39]" started-at="2025-06-15T20:21:18 IST" name="Datedataentry" finished-at="2025-06-15T20:21:26 IST" duration-ms="7572" status="PASS">
          <reporter-output>
          </reporter-output>
        </test-method> <!-- Datedataentry -->
        <test-method signature="Booleandataentry()[pri:43, instance:testcases.stepactionwithdataentries@45bf6f39]" started-at="2025-06-15T20:21:26 IST" name="Booleandataentry" finished-at="2025-06-15T20:21:33 IST" duration-ms="7524" status="PASS">
          <reporter-output>
          </reporter-output>
        </test-method> <!-- Booleandataentry -->
        <test-method signature="Radiobuttondataentry()[pri:44, instance:testcases.stepactionwithdataentries@45bf6f39]" started-at="2025-06-15T20:21:33 IST" name="Radiobuttondataentry" finished-at="2025-06-15T20:21:41 IST" duration-ms="7554" status="PASS">
          <reporter-output>
          </reporter-output>
        </test-method> <!-- Radiobuttondataentry -->
        <test-method signature="Checkboxgroupdataentry()[pri:45, instance:testcases.stepactionwithdataentries@45bf6f39]" started-at="2025-06-15T20:21:41 IST" name="Checkboxgroupdataentry" finished-at="2025-06-15T20:21:49 IST" duration-ms="7560" status="PASS">
          <reporter-output>
          </reporter-output>
        </test-method> <!-- Checkboxgroupdataentry -->
        <test-method signature="Checkboxdataentry()[pri:46, instance:testcases.stepactionwithdataentries@45bf6f39]" started-at="2025-06-15T20:21:49 IST" name="Checkboxdataentry" finished-at="2025-06-15T20:21:56 IST" duration-ms="7569" status="PASS">
          <reporter-output>
          </reporter-output>
        </test-method> <!-- Checkboxdataentry -->
        <test-method signature="Buttondataentry()[pri:47, instance:testcases.stepactionwithdataentries@45bf6f39]" started-at="2025-06-15T20:21:56 IST" name="Buttondataentry" finished-at="2025-06-15T20:22:04 IST" duration-ms="7547" status="PASS">
          <reporter-output>
          </reporter-output>
        </test-method> <!-- Buttondataentry -->
        <test-method signature="Dropdowndataentry()[pri:48, instance:testcases.stepactionwithdataentries@45bf6f39]" started-at="2025-06-15T20:22:04 IST" name="Dropdowndataentry" finished-at="2025-06-15T20:22:04 IST" duration-ms="369" status="PASS">
          <reporter-output>
          </reporter-output>
        </test-method> <!-- Dropdowndataentry -->
        <test-method signature="Table()[pri:49, instance:testcases.stepactionwithdataentries@45bf6f39]" started-at="2025-06-15T20:22:04 IST" name="Table" finished-at="2025-06-15T20:22:05 IST" duration-ms="1073" status="PASS">
          <reporter-output>
          </reporter-output>
        </test-method> <!-- Table -->
        <test-method signature="Column()[pri:50, instance:testcases.stepactionwithdataentries@45bf6f39]" started-at="2025-06-15T20:22:05 IST" name="Column" finished-at="2025-06-15T20:22:09 IST" duration-ms="4156" status="PASS">
          <reporter-output>
          </reporter-output>
        </test-method> <!-- Column -->
        <test-method signature="Row()[pri:51, instance:testcases.stepactionwithdataentries@45bf6f39]" started-at="2025-06-15T20:22:09 IST" name="Row" finished-at="2025-06-15T20:22:13 IST" duration-ms="4174" status="PASS">
          <reporter-output>
          </reporter-output>
        </test-method> <!-- Row -->
        <test-method signature="Ok()[pri:52, instance:testcases.stepactionwithdataentries@45bf6f39]" started-at="2025-06-15T20:22:13 IST" name="Ok" finished-at="2025-06-15T20:22:16 IST" duration-ms="2314" status="PASS">
          <reporter-output>
          </reporter-output>
        </test-method> <!-- Ok -->
        <test-method signature="Columnbutton()[pri:53, instance:testcases.stepactionwithdataentries@45bf6f39]" started-at="2025-06-15T20:22:16 IST" name="Columnbutton" finished-at="2025-06-15T20:22:18 IST" duration-ms="2127" status="PASS">
          <reporter-output>
          </reporter-output>
        </test-method> <!-- Columnbutton -->
        <test-method signature="Datatypedropdown()[pri:54, instance:testcases.stepactionwithdataentries@45bf6f39]" started-at="2025-06-15T20:22:18 IST" name="Datatypedropdown" finished-at="2025-06-15T20:22:20 IST" duration-ms="2100" status="PASS">
          <reporter-output>
          </reporter-output>
        </test-method> <!-- Datatypedropdown -->
        <test-method signature="Textdataentry()[pri:55, instance:testcases.stepactionwithdataentries@45bf6f39]" started-at="2025-06-15T20:22:20 IST" name="Textdataentry" finished-at="2025-06-15T20:22:24 IST" duration-ms="4191" status="PASS">
          <reporter-output>
          </reporter-output>
        </test-method> <!-- Textdataentry -->
        <test-method signature="Column2()[pri:56, instance:testcases.stepactionwithdataentries@45bf6f39]" started-at="2025-06-15T20:22:24 IST" name="Column2" finished-at="2025-06-15T20:22:32 IST" duration-ms="8303" status="PASS">
          <reporter-output>
          </reporter-output>
        </test-method> <!-- Column2 -->
        <test-method signature="Datatypedropdown12()[pri:57, instance:testcases.stepactionwithdataentries@45bf6f39]" started-at="2025-06-15T20:22:32 IST" name="Datatypedropdown12" finished-at="2025-06-15T20:22:45 IST" duration-ms="12188" status="PASS">
          <reporter-output>
          </reporter-output>
        </test-method> <!-- Datatypedropdown12 -->
        <test-method signature="Textareadataentry2()[pri:58, instance:testcases.stepactionwithdataentries@45bf6f39]" started-at="2025-06-15T20:22:45 IST" name="Textareadataentry2" finished-at="2025-06-15T20:22:47 IST" duration-ms="2070" status="PASS">
          <reporter-output>
          </reporter-output>
        </test-method> <!-- Textareadataentry2 -->
        <test-method signature="Column3()[pri:59, instance:testcases.stepactionwithdataentries@45bf6f39]" started-at="2025-06-15T20:22:47 IST" name="Column3" finished-at="2025-06-15T20:22:53 IST" duration-ms="6301" status="PASS">
          <reporter-output>
          </reporter-output>
        </test-method> <!-- Column3 -->
        <test-method signature="Numberdataentry2()[pri:60, instance:testcases.stepactionwithdataentries@45bf6f39]" started-at="2025-06-15T20:22:53 IST" name="Numberdataentry2" finished-at="2025-06-15T20:22:55 IST" duration-ms="2070" status="PASS">
          <reporter-output>
          </reporter-output>
        </test-method> <!-- Numberdataentry2 -->
        <test-method signature="Column4()[pri:61, instance:testcases.stepactionwithdataentries@45bf6f39]" started-at="2025-06-15T20:22:55 IST" name="Column4" finished-at="2025-06-15T20:22:59 IST" duration-ms="4284" status="PASS">
          <reporter-output>
          </reporter-output>
        </test-method> <!-- Column4 -->
        <test-method signature="Datatypedropdown2()[pri:62, instance:testcases.stepactionwithdataentries@45bf6f39]" started-at="2025-06-15T20:22:59 IST" name="Datatypedropdown2" finished-at="2025-06-15T20:23:09 IST" duration-ms="9169" status="PASS">
          <reporter-output>
          </reporter-output>
        </test-method> <!-- Datatypedropdown2 -->
        <test-method signature="Datedataentry2()[pri:63, instance:testcases.stepactionwithdataentries@45bf6f39]" started-at="2025-06-15T20:23:09 IST" name="Datedataentry2" finished-at="2025-06-15T20:23:11 IST" duration-ms="2066" status="PASS">
          <reporter-output>
          </reporter-output>
        </test-method> <!-- Datedataentry2 -->
        <test-method signature="Column5()[pri:64, instance:testcases.stepactionwithdataentries@45bf6f39]" started-at="2025-06-15T20:23:11 IST" name="Column5" finished-at="2025-06-15T20:23:21 IST" duration-ms="10275" status="PASS">
          <reporter-output>
          </reporter-output>
        </test-method> <!-- Column5 -->
        <test-method signature="Datatypedropdown4()[pri:65, instance:testcases.stepactionwithdataentries@45bf6f39]" started-at="2025-06-15T20:23:21 IST" name="Datatypedropdown4" finished-at="2025-06-15T20:23:23 IST" duration-ms="2142" status="PASS">
          <reporter-output>
          </reporter-output>
        </test-method> <!-- Datatypedropdown4 -->
        <test-method signature="Datedataentry1()[pri:66, instance:testcases.stepactionwithdataentries@45bf6f39]" started-at="2025-06-15T20:23:23 IST" name="Datedataentry1" finished-at="2025-06-15T20:23:29 IST" duration-ms="6215" status="PASS">
          <reporter-output>
          </reporter-output>
        </test-method> <!-- Datedataentry1 -->
        <test-method signature="Ok1()[pri:67, instance:testcases.stepactionwithdataentries@45bf6f39]" started-at="2025-06-15T20:23:29 IST" name="Ok1" finished-at="2025-06-15T20:23:31 IST" duration-ms="2177" status="PASS">
          <reporter-output>
          </reporter-output>
        </test-method> <!-- Ok1 -->
      </class> <!-- testcases.stepactionwithdataentries -->
    </test> <!-- Signin -->
  </suite> <!-- Suite -->
</testng-results>
